Started GET "/views/welcome/homepage.html" for 127.0.0.1 at 2017-03-21 18:59:04 -0700
  [1m[36mActiveRecord::SchemaMigration Load (500.2ms)[0m  [1m[34mSELECT `schema_migrations`.* FROM `schema_migrations`[0m
Processing by WelcomeController#homepage as HTML
  Rendering welcome/homepage.html.erb within layouts/application
  Rendered welcome/homepage.html.erb within layouts/application (8461.3ms)
Completed 200 OK in 10665ms (Views: 10603.5ms | ActiveRecord: 0.0ms)


Started GET "/views/viewer/company.html" for 127.0.0.1 at 2017-03-21 18:59:23 -0700
Processing by ViewerController#company as HTML
  Rendering viewer/company.html.erb within layouts/application
  Rendered viewer/company.html.erb within layouts/application (0.3ms)
Completed 200 OK in 41ms (Views: 40.3ms | ActiveRecord: 0.0ms)


Started GET "/views/viewer/news.html" for 127.0.0.1 at 2017-03-21 18:59:25 -0700
Processing by ViewerController#news as HTML
  Rendering viewer/news.html.erb within layouts/application
  Rendered viewer/news.html.erb within layouts/application (0.4ms)
Completed 200 OK in 42ms (Views: 41.2ms | ActiveRecord: 0.0ms)


Started GET "/views/welcome/about.html" for 127.0.0.1 at 2017-03-21 18:59:27 -0700
Processing by WelcomeController#about as HTML
  Rendering welcome/about.html.erb within layouts/application
  Rendered welcome/about.html.erb within layouts/application (0.3ms)
Completed 200 OK in 44ms (Views: 41.3ms | ActiveRecord: 0.0ms)


  
ActionController::RoutingError (No route matches [GET] "/assets/javascript/js/Highstock/highstock.js"):
  
actionpack (5.0.2) lib/action_dispatch/middleware/debug_exceptions.rb:53:in `call'
web-console (3.4.0) lib/web_console/middleware.rb:135:in `call_app'
web-console (3.4.0) lib/web_console/middleware.rb:28:in `block in call'
web-console (3.4.0) lib/web_console/middleware.rb:18:in `catch'
web-console (3.4.0) lib/web_console/middleware.rb:18:in `call'
actionpack (5.0.2) lib/action_dispatch/middleware/show_exceptions.rb:31:in `call'
railties (5.0.2) lib/rails/rack/logger.rb:36:in `call_app'
railties (5.0.2) lib/rails/rack/logger.rb:24:in `block in call'
activesupport (5.0.2) lib/active_support/tagged_logging.rb:69:in `block in tagged'
activesupport (5.0.2) lib/active_support/tagged_logging.rb:26:in `tagged'
activesupport (5.0.2) lib/active_support/tagged_logging.rb:69:in `tagged'
railties (5.0.2) lib/rails/rack/logger.rb:24:in `call'
sprockets-rails (3.2.0) lib/sprockets/rails/quiet_assets.rb:11:in `block in call'
activesupport (5.0.2) lib/active_support/logger_silence.rb:20:in `silence'
activesupport (5.0.2) lib/active_support/logger.rb:63:in `block (3 levels) in broadcast'
activesupport (5.0.2) lib/active_support/logger_silence.rb:20:in `silence'
activesupport (5.0.2) lib/active_support/logger.rb:61:in `block (2 levels) in broadcast'
sprockets-rails (3.2.0) lib/sprockets/rails/quiet_assets.rb:11:in `call'
actionpack (5.0.2) lib/action_dispatch/middleware/request_id.rb:24:in `call'
rack (2.0.1) lib/rack/method_override.rb:22:in `call'
rack (2.0.1) lib/rack/runtime.rb:22:in `call'
activesupport (5.0.2) lib/active_support/cache/strategy/local_cache_middleware.rb:28:in `call'
actionpack (5.0.2) lib/action_dispatch/middleware/executor.rb:12:in `call'
actionpack (5.0.2) lib/action_dispatch/middleware/static.rb:136:in `call'
rack (2.0.1) lib/rack/sendfile.rb:111:in `call'
railties (5.0.2) lib/rails/engine.rb:522:in `call'
puma (3.8.1) lib/puma/configuration.rb:224:in `call'
puma (3.8.1) lib/puma/server.rb:590:in `handle_request'
puma (3.8.1) lib/puma/server.rb:425:in `process_client'
puma (3.8.1) lib/puma/server.rb:289:in `block in run'
puma (3.8.1) lib/puma/thread_pool.rb:120:in `block in spawn_thread'
Started GET "/views/session/login.html" for 127.0.0.1 at 2017-03-21 18:59:29 -0700
Processing by SessionController#login as HTML
  Rendering session/login.html.erb within layouts/application
  Rendered session/login.html.erb within layouts/application (0.3ms)
Completed 200 OK in 48ms (Views: 42.5ms | ActiveRecord: 0.0ms)


